<html>
<body>
<pre>
<h1>µVision Build Log</h1>
<h2>Tool Versions:</h2>
IDE-Version: ¦ÌVision V5.42.0.0
Copyright (C) 2025 ARM Ltd and ARM Germany GmbH. All rights reserved.
License Information: 1 AndrewYuX@outlook.com, 1, LIC=03C6R-KJX28-9U44U-SBWZG-C2LW7-I9LRF
 
Tool Versions:
Toolchain:       MDK-ARM Plus  Version: 5.42.0.0
Toolchain Path:  D:\APP\keil\Keil_MDK\ARM\ARMCLANG\Bin
C Compiler:      ArmClang.exe V6.23
Assembler:       Armasm.exe V6.23
Linker/Locator:  ArmLink.exe V6.23
Library Manager: ArmAr.exe V6.23
Hex Converter:   FromElf.exe V6.23
CPU DLL:         SARMCM3.DLL V5.42.0.0
Dialog DLL:      DCM.DLL V1.17.5.0
Target DLL:      CMSIS_AGDI.dll V1.33.22.0
Dialog DLL:      TCM.DLL V1.56.6.0
 
<h2>Project:</h2>
C:\Users\Andre\Desktop\G16546308-test\MDK-ARM\G16546308.uvprojx
Project File Date:  04/11/2025

<h2>Output:</h2>
*** Using Compiler 'V6.23', folder: 'D:\APP\keil\Keil_MDK\ARM\ARMCLANG\Bin'
Build target 'G16546308'
assembling startup_stm32g431xx.s...
../Core/Src/main.c(228): error: expected identifier
  228 |                                 memset(uart_rx_dma_buf,0,sizeof(uart_rx_dma_buf));
      |                                                        ^
../Core/Src/main.c(228): error: type specifier missing, defaults to 'int'; ISO C99 and later do not support implicit int [-Wimplicit-int]
  228 |                                 memset(uart_rx_dma_buf,0,sizeof(uart_rx_dma_buf));
      |                                 ^
      |                                 int
../Core/Src/main.c(228): warning: a function declaration without a prototype is deprecated in all versions of C and is treated as a zero-parameter prototype in C23, conflicting with a previous declaration [-Wdeprecated-non-prototype]
../Core/Src/main.c(228): error: conflicting types for 'memset'
D:\APP\keil\Keil_MDK\ARM\ARMCLANG\bin\..\include\string.h(321): note: previous declaration is here
  321 | extern _ARMABI void *memset(void * /*s*/, int /*c*/, size_t /*n*/) __attribute__((__nonnull__(1)));
      |                      ^
1 warning and 3 errors generated.
compiling main.c...
compiling usart.c...
compiling stm32g4xx_hal_flash_ex.c...
compiling stm32g4xx_it.c...
compiling gpio.c...
compiling stm32g4xx_hal.c...
compiling stm32g4xx_hal_adc_ex.c...
compiling tim.c...
compiling dma.c...
compiling stm32g4xx_hal_msp.c...
compiling stm32g4xx_hal_flash_ramfunc.c...
compiling adc.c...
compiling i2c_hal.c...
compiling stm32g4xx_hal_gpio.c...
compiling stm32g4xx_hal_flash.c...
compiling stm32g4xx_hal_exti.c...
compiling stm32g4xx_hal_rcc_ex.c...
compiling stm32g4xx_hal_rcc.c...
compiling stm32g4xx_hal_dma_ex.c...
compiling stm32g4xx_hal_pwr.c...
compiling stm32g4xx_hal_dma.c...
compiling stm32g4xx_hal_adc.c...
compiling stm32g4xx_hal_cortex.c...
compiling stm32g4xx_hal_pwr_ex.c...
compiling system_stm32g4xx.c...
../Core/Src/lcd.c(200): warning: passing 'char[21]' to parameter of type 'u8 *' (aka 'unsigned char *') converts between pointers to integer types where one is of the unique plain 'char' type and the other is not [-Wpointer-sign]
  200 |     LCD_DisplayStringLine(Line, "                    ");
      |                                 ^~~~~~~~~~~~~~~~~~~~~~
../Core/Inc\lcd.h(187): note: passing argument to parameter 'ptr' here
  187 | void LCD_DisplayStringLine(u8 Line, u8 *ptr);
      |                                         ^
1 warning generated.
compiling lcd.c...
compiling stm32g4xx_hal_uart_ex.c...
compiling stm32g4xx_hal_uart.c...
compiling stm32g4xx_hal_tim_ex.c...
compiling stm32g4xx_hal_tim.c...
"G16546308\G16546308.axf" - 3 Error(s), 2 Warning(s).

<h2>Software Packages used:</h2>

Package Vendor: ARM
                https://www.keil.com/pack/ARM.CMSIS.6.1.0.pack
                ARM::CMSIS@6.1.0
                CMSIS (Common Microcontroller Software Interface Standard)
   * Component: CORE Version: 6.1.0

Package Vendor: Keil
                https://www.keil.com/pack/Keil.STM32G4xx_DFP.1.6.0.pack
                Keil::STM32G4xx_DFP@1.6.0
                STMicroelectronics STM32G4 Series Device Support, Drivers and Examples

<h2>Collection of Component include folders:</h2>
  ./RTE/_G16546308
  D:/APP/keil/Pack/ARM/CMSIS/6.1.0/CMSIS/Core/Include
  D:/APP/keil/Pack/Keil/STM32G4xx_DFP/1.6.0/Drivers/CMSIS/Device/ST/STM32G4xx/Include

<h2>Collection of Component Files used:</h2>

   * Component: ARM::CMSIS:CORE@6.1.0
      Include file:  CMSIS/Core/Include/tz_context.h
Target not created.
Build Time Elapsed:  00:00:02
</pre>
</body>
</html>
